<?xml version="1.0" encoding="UTF-8"?>
<!-- Generated by org.testng.reporters.JUnitXMLReporter -->
<testsuite hostname="LAPTOP-JHCO5B84" ignored="2" name="Test" tests="2" failures="0" timestamp="2020-06-13T13:26:22 IST" time="109.478" errors="0">
  <testcase name="@AfterMethod stopServer" time="0.005" classname="generic.EcomBaseClass">
    <failure type="java.lang.NullPointerException">
      <![CDATA[java.lang.NullPointerException
at generic.EcomBaseClass.stopServer(EcomBaseClass.java:141)
at java.util.ArrayList.forEach(ArrayList.java:1234)
... Removed 33 stack frames]]>
    </failure>
  </testcase> <!-- @AfterMethod stopServer -->
  <testcase name="verifyTermsConditions" time="48.048" classname="tests.TermsConditions"/>
  <testcase name="amountValidation" time="55.825" classname="tests.Amountverify"/>
  <testcase name="@BeforeSuite setUp" time="0.0" classname="generic.EcomBaseClass">
    <ignored/>
  </testcase> <!-- @BeforeSuite setUp -->
  <testcase name="@AfterSuite tearDown" time="0.0" classname="generic.EcomBaseClass">
    <ignored/>
  </testcase> <!-- @AfterSuite tearDown -->
</testsuite> <!-- Test -->
