<?xml version="1.0" encoding="UTF-8"?>
<testng-results skipped="0" failed="0" ignored="0" total="2" passed="2">
  <reporter-output>
  </reporter-output>
  <suite name="Default suite" duration-ms="106306" started-at="2020-06-13T13:48:50 IST" finished-at="2020-06-13T13:50:37 IST">
    <groups>
    </groups>
    <test name="Default test" duration-ms="106306" started-at="2020-06-13T13:48:50 IST" finished-at="2020-06-13T13:50:37 IST">
      <class name="tests.Amountverify">
        <test-method status="PASS" signature="setUp()[pri:0, instance:tests.Amountverify@371a67ec]" name="setUp" is-config="true" duration-ms="87" started-at="2020-06-13T13:48:50 IST" finished-at="2020-06-13T13:48:50 IST">
          <reporter-output>
          </reporter-output>
        </test-method> <!-- setUp -->
        <test-method status="PASS" signature="startServer()[pri:0, instance:tests.Amountverify@371a67ec]" name="startServer" is-config="true" duration-ms="1215" started-at="2020-06-13T13:48:50 IST" finished-at="2020-06-13T13:48:52 IST">
          <reporter-output>
          </reporter-output>
        </test-method> <!-- startServer -->
        <test-method status="PASS" signature="amountValidation(java.lang.String)[pri:0, instance:tests.Amountverify@371a67ec]" name="amountValidation" duration-ms="49408" started-at="2020-06-13T13:48:52 IST" data-provider="inputdata" finished-at="2020-06-13T13:49:41 IST">
          <params>
            <param index="0">
              <value>
                <![CDATA[ravish]]>
              </value>
            </param>
          </params>
          <reporter-output>
          </reporter-output>
        </test-method> <!-- amountValidation -->
        <test-method status="PASS" signature="stopServer(org.testng.ITestResult)[pri:0, instance:tests.Amountverify@371a67ec]" name="stopServer" is-config="true" duration-ms="826" started-at="2020-06-13T13:49:41 IST" finished-at="2020-06-13T13:49:42 IST">
          <params>
            <param index="0">
              <value>
                <![CDATA[[TestResult name=amountValidation status=SUCCESS method=Amountverify.amountValidation(java.lang.String)[pri:0, instance:tests.Amountverify@371a67ec] output={null}]]]>
              </value>
            </param>
          </params>
          <reporter-output>
          </reporter-output>
        </test-method> <!-- stopServer -->
        <test-method status="PASS" signature="startServer()[pri:0, instance:tests.Amountverify@371a67ec]" name="startServer" is-config="true" duration-ms="1532" started-at="2020-06-13T13:49:42 IST" finished-at="2020-06-13T13:49:43 IST">
          <reporter-output>
          </reporter-output>
        </test-method> <!-- startServer -->
        <test-method status="PASS" signature="amountValidation(java.lang.String)[pri:0, instance:tests.Amountverify@371a67ec]" name="amountValidation" duration-ms="52472" started-at="2020-06-13T13:49:43 IST" data-provider="inputdata" finished-at="2020-06-13T13:50:36 IST">
          <params>
            <param index="0">
              <value>
                <![CDATA[darling]]>
              </value>
            </param>
          </params>
          <reporter-output>
          </reporter-output>
        </test-method> <!-- amountValidation -->
        <test-method status="PASS" signature="stopServer(org.testng.ITestResult)[pri:0, instance:tests.Amountverify@371a67ec]" name="stopServer" is-config="true" duration-ms="804" started-at="2020-06-13T13:50:36 IST" finished-at="2020-06-13T13:50:37 IST">
          <params>
            <param index="0">
              <value>
                <![CDATA[[TestResult name=amountValidation status=SUCCESS method=Amountverify.amountValidation(java.lang.String)[pri:0, instance:tests.Amountverify@371a67ec] output={null}]]]>
              </value>
            </param>
          </params>
          <reporter-output>
          </reporter-output>
        </test-method> <!-- stopServer -->
        <test-method status="PASS" signature="tearDown()[pri:0, instance:tests.Amountverify@371a67ec]" name="tearDown" is-config="true" duration-ms="286" started-at="2020-06-13T13:50:37 IST" finished-at="2020-06-13T13:50:37 IST">
          <reporter-output>
          </reporter-output>
        </test-method> <!-- tearDown -->
      </class> <!-- tests.Amountverify -->
    </test> <!-- Default test -->
  </suite> <!-- Default suite -->
</testng-results>
